iMPACT Version: 14.7

iMPACT log file Started on Mon Jan 18 17:48:15 2021

Welcome to iMPACT
iMPACT Version: 14.7
// *** BATCH CMD : setMode -bs
GUI --- Auto connect to cable...
// *** BATCH CMD : setCable -port auto
INFO:iMPACT - Digilent Plugin: Plugin Version: 2.4.4
INFO:iMPACT - Digilent Plugin: found 1 device(s).
INFO:iMPACT - Digilent Plugin: opening device: "JtagHs2", SN:201612300081
INFO:iMPACT - Digilent Plugin: User Name: JtagHs2
INFO:iMPACT - Digilent Plugin: Product Name: Digilent JTAG-HS2
INFO:iMPACT - Digilent Plugin: Serial Number: 201612300081
INFO:iMPACT - Digilent Plugin: Product ID: 30900152
INFO:iMPACT - Digilent Plugin: Firmware Version: 0108
INFO:iMPACT - Digilent Plugin: JTAG Port Number: 0
INFO:iMPACT - Digilent Plugin: JTAG Clock Frequency: 10000000 Hz
Attempting to identify devices in the boundary-scan chain configuration...
INFO:iMPACT - Current time: 2021/1/18 17:48:25
// *** BATCH CMD : Identify -inferir 
PROGRESS_START - Starting Operation.
Identifying chain contents...'0': : Manufacturer's ID = Xilinx xc7k160t, Version : 0
INFO:iMPACT:1777 - 
   Reading C:/Xilinx/14.7/ISE_DS/ISE/kintex7/data/xc7k160t.bsd...
INFO:iMPACT - Using CseAdapterBSDevice
INFO:iMPACT:501 - '1': Added Device xc7k160t successfully.
----------------------------------------------------------------------
done.
PROGRESS_END - End Operation.
Elapsed time =      1 sec.
// *** BATCH CMD : identifyMPM 
// *** BATCH CMD : assignFile -p 1 -file"C:/Users/10308/Desktop/PACMAN_Repo/ise/top.bit"
'1': Loading file 'C:/Users/10308/Desktop/PACMAN_Repo/ise/top.bit' ...
done.
INFO:iMPACT - Using CseAdapterBSDevice
INFO:iMPACT:2257 - Startup Clock has been changed to 'JtagClk' in the bitstream   stored in memory,
   but the original bitstream file remains unchanged.
UserID read from the bitstream file = 0xFFFFFFFF.
Data width read from the bitstream file = 1.
INFO:iMPACT:501 - '1': Added Device xc7k160t successfully.
----------------------------------------------------------------------
// *** BATCH CMD : setMode -bs
// *** BATCH CMD : deleteDevice -position 1
// *** BATCH CMD : setMode -bs
// *** BATCH CMD : setMode -ss
// *** BATCH CMD : setMode -sm
// *** BATCH CMD : setMode -hw140
// *** BATCH CMD : setMode -spi
// *** BATCH CMD : setMode -acecf
// *** BATCH CMD : setMode -acempm
// *** BATCH CMD : setMode -pff
Welcome to iMPACT
iMPACT Version: 14.7
// *** BATCH CMD : setMode -bs
GUI --- Auto connect to cable...
// *** BATCH CMD : setCable -port auto
INFO:iMPACT - Digilent Plugin: Plugin Version: 2.4.4
INFO:iMPACT - Digilent Plugin: found 1 device(s).
INFO:iMPACT - Digilent Plugin: opening device: "JtagHs2", SN:201612300081
INFO:iMPACT - Digilent Plugin: User Name: JtagHs2
INFO:iMPACT - Digilent Plugin: Product Name: Digilent JTAG-HS2
INFO:iMPACT - Digilent Plugin: Serial Number: 201612300081
INFO:iMPACT - Digilent Plugin: Product ID: 30900152
INFO:iMPACT - Digilent Plugin: Firmware Version: 0108
INFO:iMPACT - Digilent Plugin: JTAG Port Number: 0
INFO:iMPACT - Digilent Plugin: JTAG Clock Frequency: 10000000 Hz
Attempting to identify devices in the boundary-scan chain configuration...
INFO:iMPACT - Current time: 2021/1/18 17:48:57
// *** BATCH CMD : Identify -inferir 
PROGRESS_START - Starting Operation.
Identifying chain contents...'0': : Manufacturer's ID = Xilinx xc7k160t, Version : 0
INFO:iMPACT:1777 - 
   Reading C:/Xilinx/14.7/ISE_DS/ISE/kintex7/data/xc7k160t.bsd...
INFO:iMPACT - Using CseAdapterBSDevice
INFO:iMPACT:501 - '1': Added Device xc7k160t successfully.
----------------------------------------------------------------------
done.
PROGRESS_END - End Operation.
Elapsed time =      0 sec.
// *** BATCH CMD : identifyMPM 
// *** BATCH CMD : assignFile -p 1 -file"C:/Users/10308/Desktop/PACMAN_Repo/ise/top.bit"
'1': Loading file 'C:/Users/10308/Desktop/PACMAN_Repo/ise/top.bit' ...
done.
INFO:iMPACT - Using CseAdapterBSDevice
INFO:iMPACT:2257 - Startup Clock has been changed to 'JtagClk' in the bitstream   stored in memory,
   but the original bitstream file remains unchanged.
UserID read from the bitstream file = 0xFFFFFFFF.
Data width read from the bitstream file = 1.
INFO:iMPACT:501 - '1': Added Device xc7k160t successfully.
----------------------------------------------------------------------
INFO:iMPACT - Current time: 2021/1/18 17:49:07
// *** BATCH CMD : Program -p 1 
Maximum TCK operating frequency for this device chain: 66000000.
Validating chain...
Boundary-scan chain validated successfully.
1: Device Temperature: Current Reading:   22.81 C, Min. Reading:   18.38 C, Max.Reading:   23.30 C
1: VCCINT Supply: Current Reading:   0.996 V, Min. Reading:   0.993 V, Max.Reading:   0.996 V
1: VCCAUX Supply: Current Reading:   1.778 V, Min. Reading:   1.775 V, Max.Reading:   1.781 V
INFO:iMPACT - Creating XC7K160T device.
PROGRESS_START - Starting Operation.
'1': Programming device...
 Match_cycle = NoWait.
Match cycle: NoWait
 LCK_cycle = NoWait.
LCK cycle: NoWait
done.
INFO:Cse - Status register values:
INFO:Cse - 0011 1111 1001 1110 0000 1000 0000 0010 
INFO:Cse - '1': Completed downloading bit file to device.
INFO:Cse - '1': Programming completed successfully.
 Match_cycle = NoWait.
Match cycle: NoWait
 LCK_cycle = NoWait.
LCK cycle: NoWait
INFO:iMPACT - '1': Checking done pin....done.
'1': Programmed successfully.
PROGRESS_END - End Operation.
Elapsed time =      6 sec.
